Epoch 01/40 - train_loss: 1.0262 - val_loss: 0.7713 - val_acc: 68.15%
[INFO] Saved new best model to models/transfer_resnet18.pth (acc=68.15%)
Epoch 02/40 - train_loss: 0.8806 - val_loss: 0.8073 - val_acc: 62.50%
Epoch 03/40 - train_loss: 0.7961 - val_loss: 1.0994 - val_acc: 51.61%
Epoch 04/40 - train_loss: 0.7442 - val_loss: 0.8777 - val_acc: 60.89%
Epoch 05/40 - train_loss: 0.7086 - val_loss: 0.7803 - val_acc: 60.89%
Epoch 06/40 - train_loss: 0.6617 - val_loss: 0.9455 - val_acc: 60.89%
Epoch 07/40 - train_loss: 0.6264 - val_loss: 0.8285 - val_acc: 63.71%
Epoch 08/40 - train_loss: 0.6068 - val_loss: 0.9771 - val_acc: 64.11%
[INFO] Early stopping triggered at epoch 8
[FINAL] Best checkpoint - val_loss: 0.7713, val_acc: 68.15%
Confusion matrix:
[[66 14  2]
 [16 36 23]
 [ 4 20 67]]
Classification report:
              precision    recall  f1-score   support

    01-minor       0.77      0.80      0.79        82
 02-moderate       0.51      0.48      0.50        75
   03-severe       0.73      0.74      0.73        91

    accuracy                           0.68       248
   macro avg       0.67      0.67      0.67       248
weighted avg       0.68      0.68      0.68       248

