Epoch 01/35 - train_loss: 0.9238 - val_loss: 0.6631 - val_acc: 71.77%
[INFO] Saved new best model to models/transfer_mobilenet_v3_small.pth (acc=71.77%)
Epoch 02/35 - train_loss: 0.7269 - val_loss: 0.6865 - val_acc: 69.35%
Epoch 03/35 - train_loss: 0.6280 - val_loss: 0.9935 - val_acc: 55.24%
Epoch 04/35 - train_loss: 0.5630 - val_loss: 0.7604 - val_acc: 70.97%
Epoch 05/35 - train_loss: 0.4905 - val_loss: 0.7783 - val_acc: 66.13%
Epoch 06/35 - train_loss: 0.4518 - val_loss: 0.8872 - val_acc: 65.73%
Epoch 07/35 - train_loss: 0.3959 - val_loss: 0.9215 - val_acc: 67.74%
[INFO] Early stopping triggered at epoch 7
[FINAL] Best checkpoint - val_loss: 0.6631, val_acc: 71.77%
Confusion matrix:
[[60 22  0]
 [ 8 48 19]
 [ 0 21 70]]
Classification report:
              precision    recall  f1-score   support

    01-minor       0.88      0.73      0.80        82
 02-moderate       0.53      0.64      0.58        75
   03-severe       0.79      0.77      0.78        91

    accuracy                           0.72       248
   macro avg       0.73      0.71      0.72       248
weighted avg       0.74      0.72      0.72       248

