Epoch 01/50 - train_loss: 1.0396 - val_loss: 1.0773 - val_acc: 62.92%
[INFO] Saved new best model to models/new_models/transfer_mobilenet_v3_small.pth (acc=62.92%)
Epoch 02/50 - train_loss: 0.7527 - val_loss: 0.6222 - val_acc: 77.81%
[INFO] Saved new best model to models/new_models/transfer_mobilenet_v3_small.pth (acc=77.81%)
Epoch 03/50 - train_loss: 0.6421 - val_loss: 0.9141 - val_acc: 66.32%
Epoch 04/50 - train_loss: 0.5373 - val_loss: 1.0158 - val_acc: 63.71%
Epoch 05/50 - train_loss: 0.5120 - val_loss: 1.1507 - val_acc: 59.01%
Epoch 06/50 - train_loss: 0.4253 - val_loss: 1.0502 - val_acc: 65.27%
Epoch 07/50 - train_loss: 0.3502 - val_loss: 0.8507 - val_acc: 70.76%
Epoch 08/50 - train_loss: 0.3397 - val_loss: 1.0102 - val_acc: 65.54%
[INFO] Early stopping triggered at epoch 8
[FINAL] Best checkpoint - val_loss: 0.6222, val_acc: 77.81%
Confusion matrix:
[[117   1  14   3]
 [  4  63  14   1]
 [  3  10  40  22]
 [  0   0  13  78]]
Classification report:
              precision    recall  f1-score   support

     00-none       0.94      0.87      0.90       135
    01-minor       0.85      0.77      0.81        82
 02-moderate       0.49      0.53      0.51        75
   03-severe       0.75      0.86      0.80        91

    accuracy                           0.78       383
   macro avg       0.76      0.76      0.76       383
weighted avg       0.79      0.78      0.78       383

