Epoch 01/5 - train_loss: 0.9897 - val_loss: 0.7260 - val_acc: 68.93%
[INFO] Saved new best model to models/new_models/transfer_mobilenet_v3_small.pth (acc=68.93%)
Epoch 02/5 - train_loss: 0.7796 - val_loss: 0.5965 - val_acc: 73.11%
[INFO] Saved new best model to models/new_models/transfer_mobilenet_v3_small.pth (acc=73.11%)
Epoch 03/5 - train_loss: 0.6330 - val_loss: 0.7182 - val_acc: 67.10%
Epoch 04/5 - train_loss: 0.5490 - val_loss: 0.6196 - val_acc: 75.20%
[INFO] Saved new best model to models/new_models/transfer_mobilenet_v3_small.pth (acc=75.20%)
Epoch 05/5 - train_loss: 0.4614 - val_loss: 0.5893 - val_acc: 75.72%
[INFO] Saved new best model to models/new_models/transfer_mobilenet_v3_small.pth (acc=75.72%)
[FINAL] Best checkpoint - val_loss: 0.5893, val_acc: 75.72%
Confusion matrix:
[[116  11   5   3]
 [  2  59  21   0]
 [  1  16  41  17]
 [  1   3  13  74]]
Classification report:
              precision    recall  f1-score   support

     00-none       0.97      0.86      0.91       135
    01-minor       0.66      0.72      0.69        82
 02-moderate       0.51      0.55      0.53        75
   03-severe       0.79      0.81      0.80        91

    accuracy                           0.76       383
   macro avg       0.73      0.73      0.73       383
weighted avg       0.77      0.76      0.76       383

