Epoch 01/5 - train_loss: 1.0540 - val_loss: 0.6748 - val_acc: 74.93%
[INFO] Saved new best model to models/new_models/transfer_efficientnet_b0.pth (acc=74.93%)
Epoch 02/5 - train_loss: 0.7484 - val_loss: 0.5779 - val_acc: 76.50%
[INFO] Saved new best model to models/new_models/transfer_efficientnet_b0.pth (acc=76.50%)
Epoch 03/5 - train_loss: 0.5909 - val_loss: 0.5356 - val_acc: 78.59%
[INFO] Saved new best model to models/new_models/transfer_efficientnet_b0.pth (acc=78.59%)
Epoch 04/5 - train_loss: 0.5215 - val_loss: 0.5021 - val_acc: 78.33%
Epoch 05/5 - train_loss: 0.4470 - val_loss: 0.5138 - val_acc: 78.33%
[FINAL] Best checkpoint - val_loss: 0.5356, val_acc: 78.59%
Confusion matrix:
[[123   5   6   1]
 [  1  69  11   1]
 [  2  27  33  13]
 [  0   1  14  76]]
Classification report:
              precision    recall  f1-score   support

     00-none       0.98      0.91      0.94       135
    01-minor       0.68      0.84      0.75        82
 02-moderate       0.52      0.44      0.47        75
   03-severe       0.84      0.84      0.84        91

    accuracy                           0.79       383
   macro avg       0.75      0.76      0.75       383
weighted avg       0.79      0.79      0.78       383

